<?xml version="1.0" encoding="UTF-8" ?>
<testsuite failures="0" time="2.392" errors="0" skipped="0" tests="4" name="sample.SchedulerTest">
  <properties>
[...]
</properties>
  <testcase time="0.359" classname="sample.SchedulerTest" name="performanceTest"/>
  <testcase time="1.015" classname="sample.SchedulerTest" name="sequentialTest"/>
  <testcase time="1.018" classname="sample.SchedulerTest" name="sequentialTestAlternate"/>
  <testcase time="0" classname="sample.SchedulerTest" name="terminateTest"/>
</testsuite>